android/build/module/build/intermediates/manifest_merge_blame_file/release/processReleaseManifest/manifest-merger-blame-release-report.txt
1<?xml version="1.0" encoding="utf-8"?>
2<manifest xmlns:android="http://schemas.android.com/apk/res/android"
3    xmlns:tools="http://schemas.android.com/tools"
4    package="net.devloops.AgoraRTC" >
5
6    <uses-sdk android:minSdkVersion="24" />
7
8    <uses-permission android:name="android.permission.INTERNET" />
8-->src/main/AndroidManifest.xml:3:4-65
8-->src/main/AndroidManifest.xml:3:21-63
9    <uses-permission android:name="android.permission.RECORD_AUDIO" />
9-->src/main/AndroidManifest.xml:4:4-69
9-->src/main/AndroidManifest.xml:4:21-67
10    <uses-permission android:name="android.permission.CAMERA" />
10-->src/main/AndroidManifest.xml:5:4-63
10-->src/main/AndroidManifest.xml:5:21-61
11    <uses-permission android:name="android.permission.MODIFY_AUDIO_SETTINGS" />
11-->src/main/AndroidManifest.xml:6:4-78
11-->src/main/AndroidManifest.xml:6:21-76
12    <uses-permission android:name="android.permission.ACCESS_NETWORK_STATE" />
12-->src/main/AndroidManifest.xml:7:4-77
12-->src/main/AndroidManifest.xml:7:21-75
13    <uses-permission android:name="android.permission.ACCESS_WIFI_STATE" />
13-->src/main/AndroidManifest.xml:8:4-74
13-->src/main/AndroidManifest.xml:8:21-72
14    <uses-permission android:name="android.permission.BLUETOOTH" />
14-->src/main/AndroidManifest.xml:9:4-66
14-->src/main/AndroidManifest.xml:9:21-64
15    <uses-permission android:name="android.permission.BLUETOOTH_CONNECT" />
15-->src/main/AndroidManifest.xml:10:4-74
15-->src/main/AndroidManifest.xml:10:21-72
16
17</manifest>